<?xml version="1.0" encoding="UTF-8"?>
<testsuite xmlns:xsi="http://www.w3.org/2001/XMLSchema-instance" xsi:noNamespaceSchemaLocation="https://maven.apache.org/surefire/maven-surefire-plugin/xsd/surefire-test-report-3.0.xsd" version="3.0" name="com.example.CentroDistribuicaoTest" time="0.215" tests="31" errors="0" skipped="0" failures="0">
  <properties>
[...]
</properties>
  <testcase name="Q1T1S1" classname="com.example.CentroDistribuicaoTest" time="0.098"/>
  <testcase name="Q1T1S2" classname="com.example.CentroDistribuicaoTest" time="0.002"/>
  <testcase name="Q1T1S3" classname="com.example.CentroDistribuicaoTest" time="0.002"/>
  <testcase name="Q1T2S1" classname="com.example.CentroDistribuicaoTest" time="0.001"/>
  <testcase name="Q1T2S2" classname="com.example.CentroDistribuicaoTest" time="0.0"/>
  <testcase name="Q1T2S3" classname="com.example.CentroDistribuicaoTest" time="0.001"/>
  <testcase name="ENTRADA_INVALIDA" classname="com.example.CentroDistribuicaoTest" time="0.001"/>
  <testcase name="C1" classname="com.example.CentroDistribuicaoTest" time="0.005"/>
  <testcase name="C2" classname="com.example.CentroDistribuicaoTest" time="0.001"/>
  <testcase name="L1" classname="com.example.CentroDistribuicaoTest" time="0.001"/>
  <testcase name="L2" classname="com.example.CentroDistribuicaoTest" time="0.001"/>
  <testcase name="L3" classname="com.example.CentroDistribuicaoTest" time="0.001"/>
  <testcase name="L4" classname="com.example.CentroDistribuicaoTest" time="0.0"/>
  <testcase name="L5" classname="com.example.CentroDistribuicaoTest" time="0.001"/>
  <testcase name="L6" classname="com.example.CentroDistribuicaoTest" time="0.0"/>
  <testcase name="L7" classname="com.example.CentroDistribuicaoTest" time="0.001"/>
  <testcase name="L8" classname="com.example.CentroDistribuicaoTest" time="0.001"/>
  <testcase name="L9" classname="com.example.CentroDistribuicaoTest" time="0.001"/>
  <testcase name="M1" classname="com.example.CentroDistribuicaoTest" time="0.001"/>
  <testcase name="M2" classname="com.example.CentroDistribuicaoTest" time="0.0"/>
  <testcase name="M3" classname="com.example.CentroDistribuicaoTest" time="0.001"/>
  <testcase name="M4" classname="com.example.CentroDistribuicaoTest" time="0.001"/>
  <testcase name="M5" classname="com.example.CentroDistribuicaoTest" time="0.001"/>
  <testcase name="M6" classname="com.example.CentroDistribuicaoTest" time="0.001"/>
  <testcase name="M7" classname="com.example.CentroDistribuicaoTest" time="0.001"/>
  <testcase name="M8" classname="com.example.CentroDistribuicaoTest" time="0.001"/>
  <testcase name="M9" classname="com.example.CentroDistribuicaoTest" time="0.001"/>
  <testcase name="Q2" classname="com.example.CentroDistribuicaoTest" time="0.001"/>
  <testcase name="L10" classname="com.example.CentroDistribuicaoTest" time="0.001"/>
  <testcase name="L11" classname="com.example.CentroDistribuicaoTest" time="0.0"/>
  <testcase name="L12" classname="com.example.CentroDistribuicaoTest" time="0.0"/>
</testsuite>