<?xml version="1.0" encoding="UTF-8" standalone="yes"?><!DOCTYPE report PUBLIC "-//JACOCO//DTD Report 1.1//EN" "report.dtd"><report name="demo"><sessioninfo id="artituis-vev-b7ke5moc72c-69fa3336" start="1692118577065" dump="1692118577613"/><sessioninfo id="artituis-vev-b7ke5moc72c-97b03469" start="1692118641114" dump="1692118641532"/><sessioninfo id="artituis-vev-b7ke5moc72c-ad25a6ca" start="1692135983269" dump="1692135985106"/><sessioninfo id="artituis-vev-b7ke5moc72c-d848ae15" start="1692138633540" dump="1692138634321"/><sessioninfo id="artituis-vev-b7ke5moc72c-1fee9aaf" start="1692138693214" dump="1692138694697"/><sessioninfo id="artituis-vev-1dzb0qq5v15-68476a91" start="1692736973146" dump="1692736974259"/><sessioninfo id="artituis-vev-1dzb0qq5v15-aa855f3f" start="1692737080155" dump="1692737081223"/><sessioninfo id="artituis-vev-1dzb0qq5v15-fd2e7e76" start="1692737823551" dump="1692737826127"/><sessioninfo id="artituis-vev-1dzb0qq5v15-7f837aa1" start="1692737888859" dump="1692737891239"/><sessioninfo id="artituis-vev-1dzb0qq5v15-724be830" start="1692737954457" dump="1692737955725"/><sessioninfo id="artituis-vev-1dzb0qq5v15-e8946b8b" start="1692738578806" dump="1692738579937"/><sessioninfo id="artituis-vev-1dzb0qq5v15-397b63ac" start="1692738885571" dump="1692738886854"/><sessioninfo id="artituis-vev-1dzb0qq5v15-3862330f" start="1693516699942" dump="1693516701037"/><sessioninfo id="artituis-vev-1dzb0qq5v15-6711dfb0" start="1693518548427" dump="1693518550741"/><sessioninfo id="artituis-vev-1dzb0qq5v15-5278cd18" start="1693589006970" dump="1693589009582"/><sessioninfo id="artituis-vev-1dzb0qq5v15-a67e10fa" start="1693754971099" dump="1693754971954"/><sessioninfo id="artituis-vev-1dzb0qq5v15-78b82ac2" start="1695762085757" dump="1695762087109"/><sessioninfo id="artituis-vev-1dzb0qq5v15-226ee5e" start="1695763013884" dump="1695763015083"/><sessioninfo id="artituis-vev-1dzb0qq5v15-5452df09" start="1695763136949" dump="1695763138193"/><sessioninfo id="artituis-vev-1dzb0qq5v15-d286cbea" start="1695763344284" dump="1695763345506"/><sessioninfo id="artituis-vev-1dzb0qq5v15-9ba81ebd" start="1695763445489" dump="1695763446694"/><sessioninfo id="artituis-vev-1dzb0qq5v15-349031f" start="1695763755594" dump="1695763756731"/><sessioninfo id="artituis-vev-1dzb0qq5v15-93631994" start="1695763846219" dump="1695763847389"/><sessioninfo id="artituis-vev-1dzb0qq5v15-5ce1dcfb" start="1695763867046" dump="1695763868137"/><sessioninfo id="artituis-vev-1dzb0qq5v15-9ef904bf" start="1695764524854" dump="1695764526028"/><sessioninfo id="artituis-vev-1dzb0qq5v15-dbc448cf" start="1695764620581" dump="1695764622796"/><sessioninfo id="artituis-vev-1dzb0qq5v15-da0ed79f" start="1695764641500" dump="1695764642541"/><sessioninfo id="artituis-vev-1dzb0qq5v15-349176da" start="1695764764819" dump="1695764765898"/><sessioninfo id="artituis-vev-1dzb0qq5v15-79af48f6" start="1695766317666" dump="1695766318891"/><sessioninfo id="artituis-vev-1dzb0qq5v15-6d33b0a9" start="1695766370557" dump="1695766371787"/><sessioninfo id="artituis-vev-1dzb0qq5v15-51469120" start="1695766386606" dump="1695766387718"/><sessioninfo id="artituis-vev-1dzb0qq5v15-ad9fc476" start="1695768229613" dump="1695768230802"/><sessioninfo id="artituis-vev-1dzb0qq5v15-1ea4e81d" start="1695768491167" dump="1695768492187"/><sessioninfo id="artituis-vev-1dzb0qq5v15-74209e6" start="1695769033260" dump="1695769034490"/><package name="com/example"><class name="com/example/CentroDistribuicao$TIPOPOSTO" sourcefilename="CentroDistribuicao.java"><method name="&lt;clinit&gt;" desc="()V" line="8"><counter type="INSTRUCTION" missed="0" covered="24"/><counter type="LINE" missed="0" covered="2"/><counter type="COMPLEXITY" missed="0" covered="1"/><counter type="METHOD" missed="0" covered="1"/></method><counter type="INSTRUCTION" missed="0" covered="24"/><counter type="LINE" missed="0" covered="2"/><counter type="COMPLEXITY" missed="0" covered="1"/><counter type="METHOD" missed="0" covered="1"/><counter type="CLASS" missed="0" covered="1"/></class><class name="com/example/CentroDistribuicao$SITUACAO" sourcefilename="CentroDistribuicao.java"><method name="&lt;clinit&gt;" desc="()V" line="4"><counter type="INSTRUCTION" missed="0" covered="34"/><counter type="LINE" missed="0" covered="2"/><counter type="COMPLEXITY" missed="0" covered="1"/><counter type="METHOD" missed="0" covered="1"/></method><counter type="INSTRUCTION" missed="0" covered="34"/><counter type="LINE" missed="0" covered="2"/><counter type="COMPLEXITY" missed="0" covered="1"/><counter type="METHOD" missed="0" covered="1"/><counter type="CLASS" missed="0" covered="1"/></class><class name="com/example/CentroDistribuicao" sourcefilename="CentroDistribuicao.java"><method name="&lt;init&gt;" desc="(III)V" line="22"><counter type="INSTRUCTION" missed="0" covered="33"/><counter type="BRANCH" missed="5" covered="7"/><counter type="LINE" missed="0" covered="9"/><counter type="COMPLEXITY" missed="5" covered="2"/><counter type="METHOD" missed="0" covered="1"/></method><method name="defineSituacao" desc="()V" line="34"><counter type="INSTRUCTION" missed="4" covered="69"/><counter type="BRANCH" missed="6" covered="18"/><counter type="LINE" missed="1" covered="9"/><counter type="COMPLEXITY" missed="6" covered="7"/><counter type="METHOD" missed="0" covered="1"/></method><method name="getSituacao" desc="()Lcom/example/CentroDistribuicao$SITUACAO;" line="50"><counter type="INSTRUCTION" missed="0" covered="3"/><counter type="LINE" missed="0" covered="1"/><counter type="COMPLEXITY" missed="0" covered="1"/><counter type="METHOD" missed="0" covered="1"/></method><method name="gettGasolina" desc="()I" line="54"><counter type="INSTRUCTION" missed="3" covered="0"/><counter type="LINE" missed="1" covered="0"/><counter type="COMPLEXITY" missed="1" covered="0"/><counter type="METHOD" missed="1" covered="0"/></method><method name="gettAditivo" desc="()I" line="58"><counter type="INSTRUCTION" missed="3" covered="0"/><counter type="LINE" missed="1" covered="0"/><counter type="COMPLEXITY" missed="1" covered="0"/><counter type="METHOD" missed="1" covered="0"/></method><method name="gettAlcool" desc="()I" line="62"><counter type="INSTRUCTION" missed="3" covered="0"/><counter type="LINE" missed="1" covered="0"/><counter type="COMPLEXITY" missed="1" covered="0"/><counter type="METHOD" missed="1" covered="0"/></method><method name="recebeAditivo" desc="(I)I" line="66"><counter type="INSTRUCTION" missed="2" covered="34"/><counter type="BRANCH" missed="1" covered="3"/><counter type="LINE" missed="1" covered="9"/><counter type="COMPLEXITY" missed="1" covered="2"/><counter type="METHOD" missed="0" covered="1"/></method><method name="recebeGasolina" desc="(I)I" line="82"><counter type="INSTRUCTION" missed="2" covered="34"/><counter type="BRANCH" missed="1" covered="3"/><counter type="LINE" missed="1" covered="9"/><counter type="COMPLEXITY" missed="1" covered="2"/><counter type="METHOD" missed="0" covered="1"/></method><method name="recebeAlcool" desc="(I)I" line="99"><counter type="INSTRUCTION" missed="2" covered="34"/><counter type="BRANCH" missed="1" covered="3"/><counter type="LINE" missed="1" covered="9"/><counter type="COMPLEXITY" missed="1" covered="2"/><counter type="METHOD" missed="0" covered="1"/></method><method name="encomendaCombustivel" desc="(ILcom/example/CentroDistribuicao$TIPOPOSTO;)[I" line="116"><counter type="INSTRUCTION" missed="0" covered="129"/><counter type="BRANCH" missed="3" covered="17"/><counter type="LINE" missed="0" covered="19"/><counter type="COMPLEXITY" missed="3" covered="8"/><counter type="METHOD" missed="0" covered="1"/></method><counter type="INSTRUCTION" missed="19" covered="336"/><counter type="BRANCH" missed="17" covered="51"/><counter type="LINE" missed="7" covered="65"/><counter type="COMPLEXITY" missed="20" covered="24"/><counter type="METHOD" missed="3" covered="7"/><counter type="CLASS" missed="0" covered="1"/></class><sourcefile name="CentroDistribuicao.java"><line nr="4" mi="0" ci="16" mb="0" cb="0"/><line nr="5" mi="0" ci="18" mb="0" cb="0"/><line nr="8" mi="0" ci="12" mb="0" cb="0"/><line nr="9" mi="0" ci="12" mb="0" cb="0"/><line nr="22" mi="0" ci="2" mb="0" cb="0"/><line nr="23" mi="0" ci="12" mb="5" cb="5"/><line nr="24" mi="0" ci="3" mb="0" cb="2"/><line nr="25" mi="0" ci="4" mb="0" cb="0"/><line nr="27" mi="0" ci="3" mb="0" cb="0"/><line nr="28" mi="0" ci="3" mb="0" cb="0"/><line nr="29" mi="0" ci="3" mb="0" cb="0"/><line nr="30" mi="0" ci="2" mb="0" cb="0"/><line nr="31" mi="0" ci="1" mb="0" cb="0"/><line nr="34" mi="0" ci="17" mb="5" cb="5"/><line nr="35" mi="0" ci="4" mb="1" cb="1"/><line nr="36" mi="4" ci="0" mb="0" cb="0"/><line nr="39" mi="0" ci="18" mb="0" cb="6"/><line nr="40" mi="0" ci="3" mb="0" cb="0"/><line nr="41" mi="0" ci="19" mb="0" cb="6"/><line nr="42" mi="0" ci="3" mb="0" cb="0"/><line nr="43" mi="0" ci="1" mb="0" cb="0"/><line nr="44" mi="0" ci="3" mb="0" cb="0"/><line nr="47" mi="0" ci="1" mb="0" cb="0"/><line nr="50" mi="0" ci="3" mb="0" cb="0"/><line nr="54" mi="3" ci="0" mb="0" cb="0"/><line nr="58" mi="3" ci="0" mb="0" cb="0"/><line nr="62" mi="3" ci="0" mb="0" cb="0"/><line nr="66" mi="0" ci="2" mb="1" cb="1"/><line nr="67" mi="2" ci="0" mb="0" cb="0"/><line nr="69" mi="0" ci="6" mb="0" cb="2"/><line nr="70" mi="0" ci="7" mb="0" cb="0"/><line nr="71" mi="0" ci="3" mb="0" cb="0"/><line nr="72" mi="0" ci="2" mb="0" cb="0"/><line nr="74" mi="0" ci="4" mb="0" cb="0"/><line nr="76" mi="0" ci="6" mb="0" cb="0"/><line nr="77" mi="0" ci="2" mb="0" cb="0"/><line nr="78" mi="0" ci="2" mb="0" cb="0"/><line nr="82" mi="0" ci="2" mb="1" cb="1"/><line nr="83" mi="2" ci="0" mb="0" cb="0"/><line nr="85" mi="0" ci="6" mb="0" cb="2"/><line nr="86" mi="0" ci="7" mb="0" cb="0"/><line nr="87" mi="0" ci="3" mb="0" cb="0"/><line nr="88" mi="0" ci="2" mb="0" cb="0"/><line nr="90" mi="0" ci="4" mb="0" cb="0"/><line nr="92" mi="0" ci="6" mb="0" cb="0"/><line nr="93" mi="0" ci="2" mb="0" cb="0"/><line nr="95" mi="0" ci="2" mb="0" cb="0"/><line nr="99" mi="0" ci="2" mb="1" cb="1"/><line nr="100" mi="2" ci="0" mb="0" cb="0"/><line nr="102" mi="0" ci="6" mb="0" cb="2"/><line nr="103" mi="0" ci="7" mb="0" cb="0"/><line nr="104" mi="0" ci="3" mb="0" cb="0"/><line nr="105" mi="0" ci="2" mb="0" cb="0"/><line nr="106" mi="0" ci="4" mb="0" cb="0"/><line nr="108" mi="0" ci="6" mb="0" cb="0"/><line nr="109" mi="0" ci="2" mb="0" cb="0"/><line nr="111" mi="0" ci="2" mb="0" cb="0"/><line nr="116" mi="0" ci="6" mb="0" cb="0"/><line nr="117" mi="0" ci="6" mb="0" cb="0"/><line nr="118" mi="0" ci="6" mb="0" cb="0"/><line nr="120" mi="0" ci="4" mb="1" cb="3"/><line nr="121" mi="0" ci="7" mb="0" cb="0"/><line nr="124" mi="0" ci="7" mb="0" cb="4"/><line nr="125" mi="0" ci="7" mb="0" cb="0"/><line nr="126" mi="0" ci="7" mb="0" cb="4"/><line nr="127" mi="0" ci="4" mb="0" cb="2"/><line nr="128" mi="0" ci="6" mb="0" cb="0"/><line nr="129" mi="0" ci="6" mb="0" cb="0"/><line nr="130" mi="0" ci="6" mb="0" cb="0"/><line nr="133" mi="0" ci="12" mb="2" cb="4"/><line nr="134" mi="0" ci="7" mb="0" cb="0"/><line nr="136" mi="0" ci="6" mb="0" cb="0"/><line nr="137" mi="0" ci="6" mb="0" cb="0"/><line nr="138" mi="0" ci="6" mb="0" cb="0"/><line nr="139" mi="0" ci="2" mb="0" cb="0"/><line nr="141" mi="0" ci="18" mb="0" cb="0"/><counter type="INSTRUCTION" missed="19" covered="394"/><counter type="BRANCH" missed="17" covered="51"/><counter type="LINE" missed="7" covered="69"/><counter type="COMPLEXITY" missed="20" covered="26"/><counter type="METHOD" missed="3" covered="9"/><counter type="CLASS" missed="0" covered="3"/></sourcefile><counter type="INSTRUCTION" missed="19" covered="394"/><counter type="BRANCH" missed="17" covered="51"/><counter type="LINE" missed="7" covered="69"/><counter type="COMPLEXITY" missed="20" covered="26"/><counter type="METHOD" missed="3" covered="9"/><counter type="CLASS" missed="0" covered="3"/></package><counter type="INSTRUCTION" missed="19" covered="394"/><counter type="BRANCH" missed="17" covered="51"/><counter type="LINE" missed="7" covered="69"/><counter type="COMPLEXITY" missed="20" covered="26"/><counter type="METHOD" missed="3" covered="9"/><counter type="CLASS" missed="0" covered="3"/></report>